15.11.2023 21:30:00.519 [main] INFO  c.b.b.a.c.AccountControllerTest - Starting AccountControllerTest using Java 19.0.2 with PID 25292 (started by ffam5 in C:\Users\ffam5\BankProject)
15.11.2023 21:30:00.527 [main] INFO  c.b.b.a.c.AccountControllerTest - No active profile set, falling back to 1 default profile: "default"
15.11.2023 21:30:01.307 [main] INFO  o.s.d.r.c.RepositoryConfigurationDelegate - Bootstrapping Spring Data JPA repositories in DEFAULT mode.
15.11.2023 21:30:01.387 [main] INFO  o.s.d.r.c.RepositoryConfigurationDelegate - Finished Spring Data repository scanning in 71 ms. Found 7 JPA repository interfaces.
15.11.2023 21:30:02.043 [main] INFO  c.z.h.HikariDataSource - HikariPool-1 - Starting...
15.11.2023 21:30:02.634 [main] INFO  c.z.h.p.HikariPool - HikariPool-1 - Added connection com.mysql.cj.jdbc.ConnectionImpl@10fb4575
15.11.2023 21:30:02.636 [main] INFO  c.z.h.HikariDataSource - HikariPool-1 - Start completed.
15.11.2023 21:30:03.952 [main] INFO  liquibase.changelog - Reading from BankServiceDataBase.DATABASECHANGELOG
15.11.2023 21:30:04.094 [main] INFO  liquibase.changelog - Reading from BankServiceDataBase.DATABASECHANGELOG
15.11.2023 21:30:04.108 [main] INFO  liquibase.util - UPDATE SUMMARY
15.11.2023 21:30:04.108 [main] INFO  liquibase.util - Run:                          0
15.11.2023 21:30:04.108 [main] INFO  liquibase.util - Previously run:              73
15.11.2023 21:30:04.108 [main] INFO  liquibase.util - Filtered out:                 0
15.11.2023 21:30:04.108 [main] INFO  liquibase.util - -------------------------------
15.11.2023 21:30:04.108 [main] INFO  liquibase.util - Total change sets:           73

15.11.2023 21:30:04.110 [main] INFO  liquibase.util - Update summary generated
15.11.2023 21:30:04.135 [main] INFO  l.lockservice - Successfully released change log lock
15.11.2023 21:30:04.136 [main] INFO  liquibase.command - Command execution complete
15.11.2023 21:30:04.278 [main] INFO  o.h.j.i.u.LogHelper - HHH000204: Processing PersistenceUnitInfo [name: default]
15.11.2023 21:30:04.394 [main] INFO  o.hibernate.Version - HHH000412: Hibernate ORM core version 6.2.7.Final
15.11.2023 21:30:04.398 [main] INFO  o.h.cfg.Environment - HHH000406: Using bytecode reflection optimizer
15.11.2023 21:30:04.559 [main] INFO  o.h.b.i.BytecodeProviderInitiator - HHH000021: Bytecode provider name : bytebuddy
15.11.2023 21:30:04.708 [main] INFO  o.s.o.j.p.SpringPersistenceUnitInfo - No LoadTimeWeaver setup: ignoring JPA class transformer
15.11.2023 21:30:05.032 [main] INFO  o.h.b.i.BytecodeProviderInitiator - HHH000021: Bytecode provider name : bytebuddy
15.11.2023 21:30:05.730 [main] INFO  o.h.e.t.j.p.i.JtaPlatformInitiator - HHH000490: Using JtaPlatform implementation: [org.hibernate.engine.transaction.jta.platform.internal.NoJtaPlatform]
15.11.2023 21:30:05.732 [main] INFO  o.s.o.j.LocalContainerEntityManagerFactoryBean - Initialized JPA EntityManagerFactory for persistence unit 'default'
15.11.2023 21:30:06.262 [main] INFO  o.s.d.j.r.q.QueryEnhancerFactory - Hibernate is in classpath; If applicable, HQL parser will be used.
15.11.2023 21:30:08.010 [main] INFO  o.s.b.t.m.w.SpringBootMockServletContext - Initializing Spring TestDispatcherServlet ''
15.11.2023 21:30:08.010 [main] INFO  o.s.t.w.s.TestDispatcherServlet - Initializing Servlet ''
15.11.2023 21:30:08.012 [main] INFO  o.s.t.w.s.TestDispatcherServlet - Completed initialization in 2 ms
15.11.2023 21:30:08.043 [main] INFO  c.b.b.a.c.AccountControllerTest - Started AccountControllerTest in 8.068 seconds (process running for 9.151)
15.11.2023 21:30:08.930 [main] INFO  c.b.b.a.a.Logging - NEW REQUEST:
IP : 127.0.0.1
URL : http://localhost/api/account/d06ccc2c-8ac9-4755-aeeb-198bda286048
HTTP_METHOD : GET
CONTROLLER_METHOD : com.bankapp.bankapp.app.controller.AccountController.getById
15.11.2023 21:30:08.931 [main] INFO  c.b.b.a.a.Logging - Return value: Valid UUID d06ccc2c-8ac9-4755-aeeb-198bda286048
END OF REQUEST
15.11.2023 21:30:09.084 [main] INFO  c.b.b.a.a.Logging - NEW REQUEST:
IP : 127.0.0.1
URL : http://localhost/api/account/client-accounts/new
HTTP_METHOD : POST
CONTROLLER_METHOD : com.bankapp.bankapp.app.controller.AccountController.createAccount
15.11.2023 21:30:09.093 [main] INFO  c.b.b.a.a.Logging - RUN SERVICE:
SERVICE_METHOD : com.bankapp.bankapp.app.service.impl.AccountServiceImpl.createAccount
15.11.2023 21:30:09.109 [main] ERROR c.b.b.a.a.Logging - Request throw an exception. Cause - [AccountDtoPost(id=3823c494-3639-461e-8830-41f7ef8ce5f3, name=null, type=null, status=null, balance=null, currencyCode=null, clientId=null)]. Cannot invoke "String.length()" because "name" is null
15.11.2023 21:30:09.135 [main] INFO  c.b.b.a.a.Logging - NEW REQUEST:
IP : 127.0.0.1
URL : http://localhost/api/account/transfer/eb7d3def-a648-4469-ae2e-d368d9eeedb2
HTTP_METHOD : POST
CONTROLLER_METHOD : com.bankapp.bankapp.app.controller.AccountController.transfer
15.11.2023 21:30:09.136 [main] INFO  c.b.b.a.a.Logging - RUN SERVICE:
SERVICE_METHOD : com.bankapp.bankapp.app.service.impl.TransactionServiceImpl.transfer
15.11.2023 21:30:09.218 [main] ERROR c.b.b.a.a.Logging - Request throw an exception. Cause - [eb7d3def-a648-4469-ae2e-d368d9eeedb2, TransactionDtoTransfer(creditAccount=null, debitAccount=null, transactionType=null, amount=null, description=null, status=null, card=null)]. No value present
15.11.2023 21:30:09.233 [main] INFO  c.b.b.a.a.Logging - NEW REQUEST:
IP : 127.0.0.1
URL : http://localhost/api/account/get/bd63f91a-c46c-4805-ae35-9ac68a8e0af1
HTTP_METHOD : GET
CONTROLLER_METHOD : com.bankapp.bankapp.app.controller.AccountController.getAccount
15.11.2023 21:30:09.233 [main] INFO  c.b.b.a.a.Logging - RUN SERVICE:
SERVICE_METHOD : com.bankapp.bankapp.app.service.impl.AccountServiceImpl.getAccountById
15.11.2023 21:30:09.244 [main] ERROR c.b.b.a.a.Logging - Request throw an exception. Cause - [bd63f91a-c46c-4805-ae35-9ac68a8e0af1]. data is not found
15.11.2023 21:30:09.245 [main] INFO  c.b.b.a.a.Logging - NEW REQUEST:
IP : 127.0.0.1
URL : http://localhost/api/account/get/bd63f91a-c46c-4805-ae35-9ac68a8e0af1
HTTP_METHOD : GET
CONTROLLER_METHOD : com.bankapp.bankapp.app.controller.ExceptionHandlerController.dataNotFoundException
15.11.2023 21:30:09.247 [main] INFO  c.b.b.a.a.Logging - Return value: <404 NOT_FOUND Not Found,ErrorResponse{status=404 NOT_FOUND, headers=[], body=ProblemDetail[type='about:blank', title='Not Found', status=404, detail='data is not found', instance='null', properties='null'], exception=com.bankapp.bankapp.app.exception.DataNotFoundException: data is not found},[]>
END OF REQUEST
15.11.2023 21:30:09.307 [main] INFO  c.b.b.a.a.Logging - NEW REQUEST:
IP : 127.0.0.1
URL : http://localhost/api/account/get-cards
HTTP_METHOD : GET
CONTROLLER_METHOD : com.bankapp.bankapp.app.controller.AccountController.getCards
15.11.2023 21:30:09.394 [main] INFO  c.b.b.a.a.Logging - Return value: <200 OK OK,[],[]>
END OF REQUEST
15.11.2023 21:30:09.449 [SpringApplicationShutdownHook] INFO  o.s.o.j.LocalContainerEntityManagerFactoryBean - Closing JPA EntityManagerFactory for persistence unit 'default'
15.11.2023 21:30:09.452 [SpringApplicationShutdownHook] INFO  c.z.h.HikariDataSource - HikariPool-1 - Shutdown initiated...
15.11.2023 21:30:09.464 [SpringApplicationShutdownHook] INFO  c.z.h.HikariDataSource - HikariPool-1 - Shutdown completed.
